2017-10-23 05:52:17 | a:6:{s:7:"api_key";s:40:"435DSFSDFDSF743500909809DFSFJKJ234324534";s:14:"merchant_phone";s:10:"7999890537";s:13:"customer_name";s:3:"raj";s:15:"customer_mobile";s:10:"9098322747";s:7:"comment";s:69:"A customer sends a request for Eshop access. Do you want to approve ?";s:6:"action";s:10:"getpasskey";}
2017-10-23 05:52:17 | {"success":"POS KEY generated","pos_key":"d3efb2c651078cc2d7be1d9d46e0e2ef","sms_res":null}
2017-10-28 06:06:54 | a:6:{s:7:"api_key";s:40:"435DSFSDFDSF743500909809DFSFJKJ234324534";s:14:"merchant_phone";s:10:"9174924769";s:13:"customer_name";s:7:"chandni";s:15:"customer_mobile";s:10:"9340498130";s:7:"comment";s:69:"A customer sends a request for Eshop access. Do you want to approve ?";s:6:"action";s:10:"getpasskey";}
2017-10-28 06:06:54 | {"success":"POS KEY generated","pos_key":"a1585c445c43b46fe336804c4eb1d7bc","sms_res":null}
2017-10-28 06:15:37 | a:6:{s:7:"api_key";s:40:"435DSFSDFDSF743500909809DFSFJKJ234324534";s:14:"merchant_phone";s:10:"7999890537";s:13:"customer_name";s:7:"chandni";s:15:"customer_mobile";s:10:"9340498130";s:7:"comment";s:69:"A customer sends a request for Eshop access. Do you want to approve ?";s:6:"action";s:10:"getpasskey";}
2017-10-28 06:15:37 | {"success":"POS KEY generated","pos_key":"0f473e634bda576ab316a611c917925f","sms_res":null}
2017-10-28 06:38:41 | a:6:{s:7:"api_key";s:40:"435DSFSDFDSF743500909809DFSFJKJ234324534";s:14:"merchant_phone";s:10:"7974334381";s:13:"customer_name";s:15:"Shivkant Tiwari";s:15:"customer_mobile";s:10:"9096572182";s:7:"comment";s:69:"A customer sends a request for Eshop access. Do you want to approve ?";s:6:"action";s:10:"getpasskey";}
2017-10-28 06:38:41 | {"success":"POS KEY generated","pos_key":"831bf278ca2b36e8b404c771594f8e80","sms_res":null}
2017-11-07 06:59:19 | a:6:{s:7:"api_key";s:40:"435DSFSDFDSF743500909809DFSFJKJ234324534";s:14:"merchant_phone";s:10:"9669200706";s:13:"customer_name";s:12:"singhpratima";s:15:"customer_mobile";s:10:"9669200704";s:7:"comment";s:69:"A customer sends a request for Eshop access. Do you want to approve ?";s:6:"action";s:10:"getpasskey";}
2017-11-07 06:59:20 | {"success":"POS KEY generated","pos_key":"8f83687a32ccf7766bbf5911cf5be48d","sms_res":null}
2017-11-29 05:42:53 | a:6:{s:7:"api_key";s:40:"435DSFSDFDSF743500909809DFSFJKJ234324534";s:14:"merchant_phone";s:10:"8087448286";s:13:"customer_name";s:2:"s1";s:15:"customer_mobile";s:10:"1122334455";s:7:"comment";s:69:"A customer sends a request for Eshop access. Do you want to approve ?";s:6:"action";s:10:"getpasskey";}
2017-11-29 05:42:53 | {"success":"POS KEY generated","pos_key":"c781c5cdb19bbe8cad7356eb89348773","sms_res":null}
2017-12-01 08:45:43 | N;
2017-12-01 08:45:43 | 
2017-12-01 11:17:54 | a:6:{s:7:"api_key";s:40:"435DSFSDFDSF743500909809DFSFJKJ234324534";s:14:"merchant_phone";s:10:"9085008500";s:13:"customer_name";s:5:"pooja";s:15:"customer_mobile";s:10:"7974334381";s:7:"comment";s:69:"A customer sends a request for Eshop access. Do you want to approve ?";s:6:"action";s:10:"getpasskey";}
2017-12-01 11:17:54 | {"success":"POS KEY generated","pos_key":"740198521deff5c1c551d5aae245a8c5","sms_res":null}
2017-12-09 10:54:14 | a:6:{s:7:"api_key";s:40:"435DSFSDFDSF743500909809DFSFJKJ234324534";s:14:"merchant_phone";s:10:"8087448286";s:13:"customer_name";s:3:"sds";s:15:"customer_mobile";s:10:"2087448286";s:7:"comment";s:69:"A customer sends a request for Eshop access. Do you want to approve ?";s:6:"action";s:10:"getpasskey";}
2017-12-09 10:54:15 | {"success":"POS KEY UPDATED","pos_key":"b8a303668ddb82e87e3d5eb36f7f7c60"}
2018-01-10 10:36:04 | N;
2018-01-10 10:36:04 | 
2018-01-19 18:16:17 | a:6:{s:7:"api_key";s:40:"435DSFSDFDSF743500909809DFSFJKJ234324534";s:14:"merchant_phone";s:10:"9993187304";s:13:"customer_name";s:5:"Sunil";s:15:"customer_mobile";s:10:"9050626086";s:7:"comment";s:69:"A customer sends a request for Eshop access. Do you want to approve ?";s:6:"action";s:10:"getpasskey";}
2018-01-19 18:16:17 | {"success":"POS KEY generated","pos_key":"79c65cb8134c46899a3d53348be17448","sms_res":null}
2018-01-20 04:48:01 | a:6:{s:7:"api_key";s:40:"435DSFSDFDSF743500909809DFSFJKJ234324534";s:14:"merchant_phone";s:10:"9993187304";s:13:"customer_name";s:6:"Preeti";s:15:"customer_mobile";s:10:"9755639123";s:7:"comment";s:69:"A customer sends a request for Eshop access. Do you want to approve ?";s:6:"action";s:10:"getpasskey";}
2018-01-20 04:48:01 | {"success":"POS KEY generated","pos_key":"557c0549092442563c73e9b66eefdfec","sms_res":null}
2018-01-20 10:34:33 | a:6:{s:7:"api_key";s:40:"435DSFSDFDSF743500909809DFSFJKJ234324534";s:14:"merchant_phone";s:10:"8087448286";s:13:"customer_name";s:8:"priyanka";s:15:"customer_mobile";s:10:"7489613055";s:7:"comment";s:69:"A customer sends a request for Eshop access. Do you want to approve ?";s:6:"action";s:10:"getpasskey";}
2018-01-20 10:34:33 | {"success":"POS KEY generated","pos_key":"c363ec1b4b991579e7e791253ee07650","sms_res":null}
2018-01-23 11:34:01 | a:6:{s:7:"api_key";s:40:"435DSFSDFDSF743500909809DFSFJKJ234324534";s:14:"merchant_phone";s:10:"8087448286";s:13:"customer_name";s:8:"priyanka";s:15:"customer_mobile";s:10:"9669200703";s:7:"comment";s:69:"A customer sends a request for Eshop access. Do you want to approve ?";s:6:"action";s:10:"getpasskey";}
2018-01-23 11:34:01 | {"success":"POS KEY generated","pos_key":"3dc2970759fcd482147a99167c902ac6","sms_res":null}
2018-02-01 23:09:42 | a:6:{s:7:"api_key";s:40:"435DSFSDFDSF743500909809DFSFJKJ234324534";s:14:"merchant_phone";s:10:"8087448286";s:13:"customer_name";s:5:"pooja";s:15:"customer_mobile";s:10:"7898497009";s:7:"comment";s:69:"A customer sends a request for Eshop access. Do you want to approve ?";s:6:"action";s:10:"getpasskey";}
2018-02-01 23:09:42 | {"success":"POS KEY UPDATED","pos_key":"a25e550e81ef525845af168bc78b3497"}
2018-02-02 05:46:51 | a:6:{s:7:"api_key";s:40:"435DSFSDFDSF743500909809DFSFJKJ234324534";s:14:"merchant_phone";s:10:"8087448286";s:13:"customer_name";s:5:"Rajat";s:15:"customer_mobile";s:10:"9399068806";s:7:"comment";s:69:"A customer sends a request for Eshop access. Do you want to approve ?";s:6:"action";s:10:"getpasskey";}
2018-02-02 05:46:51 | {"success":"POS KEY generated","pos_key":"60d88f723491c32162931ec43958c3c6","sms_res":null}
2018-02-05 06:27:41 | a:6:{s:7:"api_key";s:40:"435DSFSDFDSF743500909809DFSFJKJ234324534";s:14:"merchant_phone";s:10:"8087448286";s:13:"customer_name";s:4:"lizi";s:15:"customer_mobile";s:10:"7247294185";s:7:"comment";s:69:"A customer sends a request for Eshop access. Do you want to approve ?";s:6:"action";s:10:"getpasskey";}
2018-02-05 06:27:41 | {"success":"POS KEY generated","pos_key":"fe23391d75bcb339cbe70937fdf494cd","sms_res":null}
2018-02-09 10:12:13 | a:6:{s:7:"api_key";s:40:"435DSFSDFDSF743500909809DFSFJKJ234324534";s:14:"merchant_phone";s:10:"8087448286";s:13:"customer_name";s:6:"prachi";s:15:"customer_mobile";s:10:"9819438931";s:7:"comment";s:69:"A customer sends a request for Eshop access. Do you want to approve ?";s:6:"action";s:10:"getpasskey";}
2018-02-09 10:12:13 | {"success":"POS KEY UPDATED","pos_key":"2f1a22baea02ca9d605b61067e3943a8"}
2019-11-12 10:04:18 | a:6:{s:7:"api_key";s:40:"435DSFSDFDSF743500909809DFSFJKJ234324534";s:14:"merchant_phone";s:10:"8087448286";s:13:"customer_name";s:16:"Chetan Sonkusare";s:15:"customer_mobile";s:10:"9049219920";s:7:"comment";s:69:"A customer sends a request for Eshop access. Do you want to approve ?";s:6:"action";s:10:"getpasskey";}
2019-11-12 10:04:18 | {"success":"POS KEY UPDATED","pos_key":"654299883641f2e04d6cf61a8243c2e2"}
2019-11-12 10:04:28 | a:6:{s:7:"api_key";s:40:"435DSFSDFDSF743500909809DFSFJKJ234324534";s:14:"merchant_phone";s:10:"8087448286";s:13:"customer_name";s:16:"Chetan Sonkusare";s:15:"customer_mobile";s:10:"9049219920";s:7:"comment";s:69:"A customer sends a request for Eshop access. Do you want to approve ?";s:6:"action";s:10:"getpasskey";}
2019-11-12 10:04:28 | {"success":"POS KEY UPDATED","pos_key":"68c3ab8d27ed2039cc18e49aa9330ff7"}
2019-12-23 06:35:22 | a:6:{s:7:"api_key";s:40:"435DSFSDFDSF743500909809DFSFJKJ234324534";s:14:"merchant_phone";s:10:"1111111111";s:13:"customer_name";s:16:"Chetan Sonkusare";s:15:"customer_mobile";s:10:"9049219920";s:7:"comment";s:69:"A customer sends a request for Eshop access. Do you want to approve ?";s:6:"action";s:10:"getpasskey";}
2019-12-23 06:35:22 | {"success":"POS KEY UPDATED","pos_key":"14ad8912596cb6d65c430e6042da8fc1"}
